Determining if the pthread_create exist failed with the following output:
Change Dir: /home/peter/ClionProjects/function_utilities/utility_test/gtest/gtest-1.7.0/CMakeFiles/CMakeTmp

Run Build Command:/usr/bin/make "cmTryCompileExec828399898/fast"
/usr/bin/make -f CMakeFiles/cmTryCompileExec828399898.dir/build.make CMakeFiles/cmTryCompileExec828399898.dir/build
make[1]: Entering directory `/home/peter/ClionProjects/function_utilities/utility_test/gtest/gtest-1.7.0/CMakeFiles/CMakeTmp'
/usr/bin/cmake -E cmake_progress_report /home/peter/ClionProjects/function_utilities/utility_test/gtest/gtest-1.7.0/CMakeFiles/CMakeTmp/CMakeFiles 1
Building C object CMakeFiles/cmTryCompileExec828399898.dir/CheckSymbolExists.c.o
/usr/bin/cc    -o CMakeFiles/cmTryCompileExec828399898.dir/CheckSymbolExists.c.o   -c /home/peter/ClionProjects/function_utilities/utility_test/gtest/gtest-1.7.0/CMakeFiles/CMakeTmp/CheckSymbolExists.c
Linking C executable cmTryCompileExec828399898
/usr/bin/cmake -E cmake_link_script CMakeFiles/cmTryCompileExec828399898.dir/link.txt --verbose=1
/usr/bin/cc       CMakeFiles/cmTryCompileExec828399898.dir/CheckSymbolExists.c.o  -o cmTryCompileExec828399898 -rdynamic 
CMakeFiles/cmTryCompileExec828399898.dir/CheckSymbolExists.c.o: In function `main':
CheckSymbolExists.c:(.text+0x16): undefined reference to `pthread_create'
collect2: error: ld returned 1 exit status
make[1]: *** [cmTryCompileExec828399898] Error 1
make[1]: Leaving directory `/home/peter/ClionProjects/function_utilities/utility_test/gtest/gtest-1.7.0/CMakeFiles/CMakeTmp'
make: *** [cmTryCompileExec828399898/fast] Error 2

File /home/peter/ClionProjects/function_utilities/utility_test/gtest/gtest-1.7.0/CMakeFiles/CMakeTmp/CheckSymbolExists.c:
/* */
#include <pthread.h>

int main(int argc, char** argv)
{
  (void)argv;
#ifndef pthread_create
  return ((int*)(&pthread_create))[argc];
#else
  (void)argc;
  return 0;
#endif
}

Determining if the function pthread_create exists in the pthreads failed with the following output:
Change Dir: /home/peter/ClionProjects/function_utilities/utility_test/gtest/gtest-1.7.0/CMakeFiles/CMakeTmp

Run Build Command:/usr/bin/make "cmTryCompileExec2788556614/fast"
/usr/bin/make -f CMakeFiles/cmTryCompileExec2788556614.dir/build.make CMakeFiles/cmTryCompileExec2788556614.dir/build
make[1]: Entering directory `/home/peter/ClionProjects/function_utilities/utility_test/gtest/gtest-1.7.0/CMakeFiles/CMakeTmp'
/usr/bin/cmake -E cmake_progress_report /home/peter/ClionProjects/function_utilities/utility_test/gtest/gtest-1.7.0/CMakeFiles/CMakeTmp/CMakeFiles 1
Building C object CMakeFiles/cmTryCompileExec2788556614.dir/CheckFunctionExists.c.o
/usr/bin/cc   -DCHECK_FUNCTION_EXISTS=pthread_create   -o CMakeFiles/cmTryCompileExec2788556614.dir/CheckFunctionExists.c.o   -c /usr/share/cmake-2.8/Modules/CheckFunctionExists.c
Linking C executable cmTryCompileExec2788556614
/usr/bin/cmake -E cmake_link_script CMakeFiles/cmTryCompileExec2788556614.dir/link.txt --verbose=1
/usr/bin/cc   -DCHECK_FUNCTION_EXISTS=pthread_create    CMakeFiles/cmTryCompileExec2788556614.dir/CheckFunctionExists.c.o  -o cmTryCompileExec2788556614 -rdynamic -lpthreads 
/usr/bin/ld: cannot find -lpthreads
collect2: error: ld returned 1 exit status
make[1]: *** [cmTryCompileExec2788556614] Error 1
make[1]: Leaving directory `/home/peter/ClionProjects/function_utilities/utility_test/gtest/gtest-1.7.0/CMakeFiles/CMakeTmp'
make: *** [cmTryCompileExec2788556614/fast] Error 2


